app/build/intermediates/manifest_merge_blame_file/debug/manifest-merger-blame-debug-report.txt
1<?xml version="1.0" encoding="utf-8"?>
2<manifest xmlns:android="http://schemas.android.com/apk/res/android"
3    package="com.example.camerxtests"
4    android:versionCode="1"
5    android:versionName="1.0" >
6
7    <uses-sdk
8        android:minSdkVersion="24"
8-->src\main\AndroidManifest.xml
9        android:targetSdkVersion="30" />
9-->src\main\AndroidManifest.xml
10
11    <uses-feature android:name="android.hardware.camera.any" />
11-->src\main\AndroidManifest.xml:5:5-64
11-->src\main\AndroidManifest.xml:5:19-61
12
13    <uses-permission android:name="android.permission.CAMERA" />
13-->src\main\AndroidManifest.xml:6:5-65
13-->src\main\AndroidManifest.xml:6:22-62
14    <uses-permission android:name="android.permission.RECORD_AUDIO" />
14-->src\main\AndroidManifest.xml:7:5-71
14-->src\main\AndroidManifest.xml:7:22-68
15    <uses-permission android:name="android.permission.WRITE_EXTERNAL_STORAGE" />
15-->src\main\AndroidManifest.xml:8:5-81
15-->src\main\AndroidManifest.xml:8:22-78
16    <uses-permission android:name="android.permission.READ_EXTERNAL_STORAGE" />
16-->src\main\AndroidManifest.xml:9:5-80
16-->src\main\AndroidManifest.xml:9:22-77
17    <uses-permission android:name="android.permission.MANAGE_EXTERNAL_STORAGE" />
17-->src\main\AndroidManifest.xml:10:5-81
17-->src\main\AndroidManifest.xml:10:22-79
18
19    <!-- <uses-permission android:name="android.permission.INTERNET"/> -->
20    <!-- android:theme="@style/AppTheme" -->
21    <application
21-->src\main\AndroidManifest.xml:13:5-32:19
22        android:allowBackup="true"
22-->src\main\AndroidManifest.xml:14:9-35
23        android:appComponentFactory="androidx.core.app.CoreComponentFactory"
23-->[androidx.core:core:1.5.0] AndroidManifest.xml:24:18-86
24        android:debuggable="true"
25        android:extractNativeLibs="false"
26        android:icon="@mipmap/ic_launcher"
26-->src\main\AndroidManifest.xml:15:9-43
27        android:label="@string/app_name"
27-->src\main\AndroidManifest.xml:16:9-41
28        android:requestLegacyExternalStorage="true"
28-->src\main\AndroidManifest.xml:20:9-52
29        android:roundIcon="@mipmap/ic_launcher_round"
29-->src\main\AndroidManifest.xml:17:9-54
30        android:supportsRtl="true"
30-->src\main\AndroidManifest.xml:18:9-35
31        android:testOnly="true"
32        android:theme="@style/Theme.AppCompat.Light.NoActionBar"
32-->src\main\AndroidManifest.xml:19:9-65
33        android:usesCleartextTraffic="true" >
33-->src\main\AndroidManifest.xml:21:9-44
34        <activity android:name="com.example.camerxtests.AudioRecordActivity" />
34-->src\main\AndroidManifest.xml:22:9-56
34-->src\main\AndroidManifest.xml:22:19-54
35        <activity android:name="com.example.camerxtests.CameraActivity" />
35-->src\main\AndroidManifest.xml:23:9-51
35-->src\main\AndroidManifest.xml:23:19-49
36        <activity android:name="com.example.camerxtests.MainActivity" >
36-->src\main\AndroidManifest.xml:24:9-31:20
36-->src\main\AndroidManifest.xml:24:19-47
37            <intent-filter>
37-->src\main\AndroidManifest.xml:26:13-30:29
38                <action android:name="android.intent.action.MAIN" />
38-->src\main\AndroidManifest.xml:27:17-69
38-->src\main\AndroidManifest.xml:27:25-66
39
40                <category android:name="android.intent.category.LAUNCHER" />
40-->src\main\AndroidManifest.xml:29:17-77
40-->src\main\AndroidManifest.xml:29:27-74
41            </intent-filter>
42        </activity>
43
44        <uses-library
44-->[androidx.camera:camera-extensions:1.0.0-alpha12] AndroidManifest.xml:25:9-27:40
45            android:name="androidx.camera.extensions.impl"
45-->[androidx.camera:camera-extensions:1.0.0-alpha12] AndroidManifest.xml:26:13-59
46            android:required="false" />
46-->[androidx.camera:camera-extensions:1.0.0-alpha12] AndroidManifest.xml:27:13-37
47
48        <service
48-->[androidx.room:room-runtime:2.3.0] AndroidManifest.xml:25:9-28:40
49            android:name="androidx.room.MultiInstanceInvalidationService"
49-->[androidx.room:room-runtime:2.3.0] AndroidManifest.xml:26:13-74
50            android:directBootAware="true"
50-->[androidx.room:room-runtime:2.3.0] AndroidManifest.xml:27:13-43
51            android:exported="false" />
51-->[androidx.room:room-runtime:2.3.0] AndroidManifest.xml:28:13-37
52
53        <provider
53-->[androidx.lifecycle:lifecycle-process:2.4.0-alpha02] AndroidManifest.xml:26:9-34:20
54            android:name="androidx.startup.InitializationProvider"
54-->[androidx.lifecycle:lifecycle-process:2.4.0-alpha02] AndroidManifest.xml:27:13-67
55            android:authorities="com.example.camerxtests.androidx-startup"
55-->[androidx.lifecycle:lifecycle-process:2.4.0-alpha02] AndroidManifest.xml:28:13-68
56            android:exported="false" >
56-->[androidx.lifecycle:lifecycle-process:2.4.0-alpha02] AndroidManifest.xml:29:13-37
57            <meta-data
57-->[androidx.lifecycle:lifecycle-process:2.4.0-alpha02] AndroidManifest.xml:31:13-33:52
58                android:name="androidx.lifecycle.ProcessLifecycleInitializer"
58-->[androidx.lifecycle:lifecycle-process:2.4.0-alpha02] AndroidManifest.xml:32:17-78
59                android:value="androidx.startup" />
59-->[androidx.lifecycle:lifecycle-process:2.4.0-alpha02] AndroidManifest.xml:33:17-49
60        </provider>
61    </application>
62
63</manifest>